[debug] [2026-03-28T13:34:35.996Z] ----------------------------------------------------------------------
[debug] [2026-03-28T13:34:36.020Z] Command:       C:\Program Files\nodejs\node.exe C:\Users\Dell\AppData\Roaming\npm\node_modules\firebase-tools\lib\bin\firebase.js init hosting
[debug] [2026-03-28T13:34:36.022Z] CLI Version:   15.12.0
[debug] [2026-03-28T13:34:36.023Z] Platform:      win32
[debug] [2026-03-28T13:34:36.023Z] Node Version:  v22.14.0
[debug] [2026-03-28T13:34:36.024Z] Time:          Sat Mar 28 2026 19:04:36 GMT+0530 (India Standard Time)
[debug] [2026-03-28T13:34:36.024Z] ----------------------------------------------------------------------
[debug] 
[info] 
     ######## #### ########  ######## ########     ###     ######  ########
     ##        ##  ##     ## ##       ##     ##  ##   ##  ##       ##
     ######    ##  ########  ######   ########  #########  ######  ######
     ##        ##  ##    ##  ##       ##     ## ##     ##       ## ##
     ##       #### ##     ## ######## ########  ##     ##  ######  ########

You're about to initialize a Firebase project in this directory:

  C:\Users\Dell\Downloads\next

[info] 
=== Project Setup
[info] 
[info] First, let's associate this project directory with a Firebase project.
[info] You can create multiple project aliases by running firebase use --add, 
[info] 
